<?xml version="1.0" encoding="UTF-8"?>
<!-- Generated by org.testng.reporters.JUnitReportReporter -->
<testsuite hostname="DESKTOP-BARJEDQ" failures="0" tests="5" name="testingTask.Calculator2" time="41.056" errors="0" timestamp="2022-04-26T22:29:42 IST" skipped="0">
  <testcase classname="testingTask.Calculator2" name="opn" time="2.758"/>
  <system-out/>
  <testcase classname="testingTask.Calculator2" name="multi" time="8.690"/>
  <system-out/>
  <testcase classname="testingTask.Calculator2" name="div" time="8.596"/>
  <system-out/>
  <testcase classname="testingTask.Calculator2" name="add" time="8.893"/>
  <system-out/>
  <testcase classname="testingTask.Calculator2" name="sub" time="12.119"/>
  <system-out/>
</testsuite> <!-- testingTask.Calculator2 -->
